[DEBUG] 2021-06-24 19:54:04.557 [main] ExplicitWait - Waiting for the document to load
[INFO ] 2021-06-24 19:54:04.605 [main] JavaScriptHelper - return jQuery.active
[INFO ] 2021-06-24 19:54:04.629 [main] JavaScriptHelper - return document.readyState
[INFO ] 2021-06-24 19:54:04.648 [main] HomePage - Wait Till Clicks Close Modal
[INFO ] 2021-06-24 19:54:04.672 [main] ExplicitWait - Waiting for element to be visible: [[ChromeDriver: chrome on WINDOWS (88d936317b2ca65ea9d66b817af748ae)] -> xpath: //div[@class='mc-closeModal']]
[INFO ] 2021-06-24 19:54:04.682 [main] ExplicitWait - Waiting for element to be visible: [[ChromeDriver: chrome on WINDOWS (88d936317b2ca65ea9d66b817af748ae)] -> xpath: //div[@class='mc-closeModal']]
[INFO ] 2021-06-24 19:54:04.791 [main] ExplicitWait - Waiting for element to be clickable: [[ChromeDriver: chrome on WINDOWS (88d936317b2ca65ea9d66b817af748ae)] -> xpath: //div[@class='mc-closeModal']]
[DEBUG] 2021-06-24 19:54:04.917 [main] ExplicitWait - Waiting for the document to load
[INFO ] 2021-06-24 19:54:04.917 [main] JavaScriptHelper - return jQuery.active
[INFO ] 2021-06-24 19:54:04.925 [main] JavaScriptHelper - return document.readyState
[INFO ] 2021-06-24 19:54:04.940 [main] HomePage - Wait Till Clicks Shop All
[INFO ] 2021-06-24 19:54:04.962 [main] ExplicitWait - Waiting for element to be visible: [[ChromeDriver: chrome on WINDOWS (88d936317b2ca65ea9d66b817af748ae)] -> xpath: (//a[contains(text(),'Shop All')])[1]]
[INFO ] 2021-06-24 19:54:04.976 [main] ExplicitWait - Waiting for element to be visible: [[ChromeDriver: chrome on WINDOWS (88d936317b2ca65ea9d66b817af748ae)] -> xpath: (//a[contains(text(),'Shop All')])[1]]
[INFO ] 2021-06-24 19:54:05.053 [main] ExplicitWait - Waiting for element to be clickable: [[ChromeDriver: chrome on WINDOWS (88d936317b2ca65ea9d66b817af748ae)] -> xpath: (//a[contains(text(),'Shop All')])[1]]
[DEBUG] 2021-06-24 19:54:14.145 [main] ExplicitWait - Waiting for the document to load
[INFO ] 2021-06-24 19:54:14.145 [main] JavaScriptHelper - return jQuery.active
[INFO ] 2021-06-24 19:54:14.159 [main] JavaScriptHelper - return document.readyState
[INFO ] 2021-06-24 19:54:14.170 [main] HomePage - Wait Till Clicks Product 1
[INFO ] 2021-06-24 19:54:14.192 [main] ExplicitWait - Waiting for element to be visible: [[ChromeDriver: chrome on WINDOWS (88d936317b2ca65ea9d66b817af748ae)] -> xpath: (//h2[@class='woocommerce-loop-product__title'])[84]]
[INFO ] 2021-06-24 19:54:14.208 [main] ExplicitWait - Waiting for element to be visible: [[ChromeDriver: chrome on WINDOWS (88d936317b2ca65ea9d66b817af748ae)] -> xpath: (//h2[@class='woocommerce-loop-product__title'])[84]]
[INFO ] 2021-06-24 19:54:14.284 [main] ExplicitWait - Waiting for element to be clickable: [[ChromeDriver: chrome on WINDOWS (88d936317b2ca65ea9d66b817af748ae)] -> xpath: (//h2[@class='woocommerce-loop-product__title'])[84]]
[DEBUG] 2021-06-24 19:54:19.617 [main] ExplicitWait - Waiting for the document to load
[INFO ] 2021-06-24 19:54:19.617 [main] JavaScriptHelper - return jQuery.active
[INFO ] 2021-06-24 19:54:19.628 [main] JavaScriptHelper - return document.readyState
[INFO ] 2021-06-24 19:54:19.641 [main] HomePage - Wait Till Clicks Add To Cart
[INFO ] 2021-06-24 19:54:19.664 [main] ExplicitWait - Waiting for element to be visible: [[ChromeDriver: chrome on WINDOWS (88d936317b2ca65ea9d66b817af748ae)] -> xpath: //button[@name='add-to-cart']]
[INFO ] 2021-06-24 19:54:19.676 [main] ExplicitWait - Waiting for element to be visible: [[ChromeDriver: chrome on WINDOWS (88d936317b2ca65ea9d66b817af748ae)] -> xpath: //button[@name='add-to-cart']]
[INFO ] 2021-06-24 19:54:19.755 [main] ExplicitWait - Waiting for element to be clickable: [[ChromeDriver: chrome on WINDOWS (88d936317b2ca65ea9d66b817af748ae)] -> xpath: //button[@name='add-to-cart']]
[DEBUG] 2021-06-24 19:54:22.029 [main] ExplicitWait - Waiting for the document to load
[INFO ] 2021-06-24 19:54:22.030 [main] JavaScriptHelper - return jQuery.active
[INFO ] 2021-06-24 19:54:22.099 [main] JavaScriptHelper - return jQuery.active
[INFO ] 2021-06-24 19:54:22.160 [main] JavaScriptHelper - return jQuery.active
[INFO ] 2021-06-24 19:54:22.222 [main] JavaScriptHelper - return jQuery.active
[INFO ] 2021-06-24 19:54:22.284 [main] JavaScriptHelper - return jQuery.active
[INFO ] 2021-06-24 19:54:22.347 [main] JavaScriptHelper - return jQuery.active
[INFO ] 2021-06-24 19:54:22.408 [main] JavaScriptHelper - return jQuery.active
[INFO ] 2021-06-24 19:54:22.470 [main] JavaScriptHelper - return jQuery.active
[INFO ] 2021-06-24 19:54:22.532 [main] JavaScriptHelper - return jQuery.active
[INFO ] 2021-06-24 19:54:22.594 [main] JavaScriptHelper - return jQuery.active
[INFO ] 2021-06-24 19:54:22.657 [main] JavaScriptHelper - return jQuery.active
[INFO ] 2021-06-24 19:54:22.719 [main] JavaScriptHelper - return jQuery.active
[INFO ] 2021-06-24 19:54:22.781 [main] JavaScriptHelper - return jQuery.active
[INFO ] 2021-06-24 19:54:22.844 [main] JavaScriptHelper - return jQuery.active
[INFO ] 2021-06-24 19:54:22.923 [main] JavaScriptHelper - return jQuery.active
[INFO ] 2021-06-24 19:54:22.984 [main] JavaScriptHelper - return jQuery.active
[INFO ] 2021-06-24 19:54:22.991 [main] JavaScriptHelper - return document.readyState
[INFO ] 2021-06-24 19:54:23.005 [main] HomePage - Wait Till Clicks Shop All
[INFO ] 2021-06-24 19:54:23.024 [main] ExplicitWait - Waiting for element to be visible: [[ChromeDriver: chrome on WINDOWS (88d936317b2ca65ea9d66b817af748ae)] -> xpath: (//a[contains(text(),'Shop All')])[1]]
[INFO ] 2021-06-24 19:54:23.038 [main] ExplicitWait - Waiting for element to be visible: [[ChromeDriver: chrome on WINDOWS (88d936317b2ca65ea9d66b817af748ae)] -> xpath: (//a[contains(text(),'Shop All')])[1]]
[INFO ] 2021-06-24 19:54:23.116 [main] ExplicitWait - Waiting for element to be clickable: [[ChromeDriver: chrome on WINDOWS (88d936317b2ca65ea9d66b817af748ae)] -> xpath: (//a[contains(text(),'Shop All')])[1]]
[DEBUG] 2021-06-24 19:54:26.196 [main] ExplicitWait - Waiting for the document to load
[INFO ] 2021-06-24 19:54:26.197 [main] JavaScriptHelper - return jQuery.active
[INFO ] 2021-06-24 19:54:26.226 [main] JavaScriptHelper - return document.readyState
[INFO ] 2021-06-24 19:54:26.239 [main] HomePage - Wait Till Clicks Product 2
[INFO ] 2021-06-24 19:54:26.260 [main] ExplicitWait - Waiting for element to be visible: [[ChromeDriver: chrome on WINDOWS (88d936317b2ca65ea9d66b817af748ae)] -> xpath: (//h2[@class='woocommerce-loop-product__title'])[128]]
[INFO ] 2021-06-24 19:54:26.272 [main] ExplicitWait - Waiting for element to be visible: [[ChromeDriver: chrome on WINDOWS (88d936317b2ca65ea9d66b817af748ae)] -> xpath: (//h2[@class='woocommerce-loop-product__title'])[128]]
[INFO ] 2021-06-24 19:54:26.348 [main] ExplicitWait - Waiting for element to be clickable: [[ChromeDriver: chrome on WINDOWS (88d936317b2ca65ea9d66b817af748ae)] -> xpath: (//h2[@class='woocommerce-loop-product__title'])[128]]
[DEBUG] 2021-06-24 19:54:28.667 [main] ExplicitWait - Waiting for the document to load
[INFO ] 2021-06-24 19:54:28.667 [main] JavaScriptHelper - return jQuery.active
[INFO ] 2021-06-24 19:54:28.676 [main] JavaScriptHelper - return document.readyState
[INFO ] 2021-06-24 19:54:28.685 [main] HomePage - Wait Till Clicks Add To Cart
[INFO ] 2021-06-24 19:54:28.707 [main] ExplicitWait - Waiting for element to be visible: [[ChromeDriver: chrome on WINDOWS (88d936317b2ca65ea9d66b817af748ae)] -> xpath: //button[@name='add-to-cart']]
[INFO ] 2021-06-24 19:54:28.724 [main] ExplicitWait - Waiting for element to be visible: [[ChromeDriver: chrome on WINDOWS (88d936317b2ca65ea9d66b817af748ae)] -> xpath: //button[@name='add-to-cart']]
[INFO ] 2021-06-24 19:54:28.797 [main] ExplicitWait - Waiting for element to be clickable: [[ChromeDriver: chrome on WINDOWS (88d936317b2ca65ea9d66b817af748ae)] -> xpath: //button[@name='add-to-cart']]
[DEBUG] 2021-06-24 19:54:31.038 [main] ExplicitWait - Waiting for the document to load
[INFO ] 2021-06-24 19:54:31.038 [main] JavaScriptHelper - return jQuery.active
[INFO ] 2021-06-24 19:54:31.114 [main] JavaScriptHelper - return jQuery.active
[INFO ] 2021-06-24 19:54:31.185 [main] JavaScriptHelper - return jQuery.active
[INFO ] 2021-06-24 19:54:31.247 [main] JavaScriptHelper - return jQuery.active
[INFO ] 2021-06-24 19:54:31.311 [main] JavaScriptHelper - return jQuery.active
[INFO ] 2021-06-24 19:54:31.385 [main] JavaScriptHelper - return jQuery.active
[INFO ] 2021-06-24 19:54:31.447 [main] JavaScriptHelper - return jQuery.active
[INFO ] 2021-06-24 19:54:31.508 [main] JavaScriptHelper - return jQuery.active
[INFO ] 2021-06-24 19:54:31.570 [main] JavaScriptHelper - return jQuery.active
[INFO ] 2021-06-24 19:54:31.633 [main] JavaScriptHelper - return jQuery.active
[INFO ] 2021-06-24 19:54:31.696 [main] JavaScriptHelper - return jQuery.active
[INFO ] 2021-06-24 19:54:31.757 [main] JavaScriptHelper - return jQuery.active
[INFO ] 2021-06-24 19:54:31.820 [main] JavaScriptHelper - return jQuery.active
[INFO ] 2021-06-24 19:54:31.881 [main] JavaScriptHelper - return jQuery.active
[INFO ] 2021-06-24 19:54:31.943 [main] JavaScriptHelper - return jQuery.active
[INFO ] 2021-06-24 19:54:31.952 [main] JavaScriptHelper - return document.readyState
[INFO ] 2021-06-24 19:54:31.966 [main] HomePage - Wait Till Clicks View Cart
[INFO ] 2021-06-24 19:54:31.987 [main] ExplicitWait - Waiting for element to be visible: [[ChromeDriver: chrome on WINDOWS (88d936317b2ca65ea9d66b817af748ae)] -> xpath: //a[contains(text(),'View cart')]]
[INFO ] 2021-06-24 19:54:32.000 [main] ExplicitWait - Waiting for element to be visible: [[ChromeDriver: chrome on WINDOWS (88d936317b2ca65ea9d66b817af748ae)] -> xpath: //a[contains(text(),'View cart')]]
[INFO ] 2021-06-24 19:54:32.079 [main] ExplicitWait - Waiting for element to be clickable: [[ChromeDriver: chrome on WINDOWS (88d936317b2ca65ea9d66b817af748ae)] -> xpath: //a[contains(text(),'View cart')]]
[DEBUG] 2021-06-24 19:54:35.696 [main] ExplicitWait - Waiting for the document to load
[INFO ] 2021-06-24 19:54:35.696 [main] JavaScriptHelper - return jQuery.active
[INFO ] 2021-06-24 19:54:35.711 [main] JavaScriptHelper - return document.readyState
[INFO ] 2021-06-24 19:54:35.721 [main] HomePage - Wait Till Clicks Checkout
[INFO ] 2021-06-24 19:54:35.746 [main] ExplicitWait - Waiting for element to be visible: [[ChromeDriver: chrome on WINDOWS (88d936317b2ca65ea9d66b817af748ae)] -> xpath: //a[contains(text(),'Proceed to checkout')]]
[INFO ] 2021-06-24 19:54:35.755 [main] ExplicitWait - Waiting for element to be visible: [[ChromeDriver: chrome on WINDOWS (88d936317b2ca65ea9d66b817af748ae)] -> xpath: //a[contains(text(),'Proceed to checkout')]]
[INFO ] 2021-06-24 19:54:35.832 [main] ExplicitWait - Waiting for element to be clickable: [[ChromeDriver: chrome on WINDOWS (88d936317b2ca65ea9d66b817af748ae)] -> xpath: //a[contains(text(),'Proceed to checkout')]]
[DEBUG] 2021-06-24 19:54:40.139 [main] ExplicitWait - Waiting for the document to load
[INFO ] 2021-06-24 19:54:40.139 [main] JavaScriptHelper - return jQuery.active
[INFO ] 2021-06-24 19:54:40.211 [main] JavaScriptHelper - return jQuery.active
[INFO ] 2021-06-24 19:54:40.279 [main] JavaScriptHelper - return jQuery.active
[INFO ] 2021-06-24 19:54:40.353 [main] JavaScriptHelper - return jQuery.active
[INFO ] 2021-06-24 19:54:40.428 [main] JavaScriptHelper - return jQuery.active
[INFO ] 2021-06-24 19:54:40.489 [main] JavaScriptHelper - return jQuery.active
[INFO ] 2021-06-24 19:54:40.552 [main] JavaScriptHelper - return jQuery.active
[INFO ] 2021-06-24 19:54:40.615 [main] JavaScriptHelper - return jQuery.active
[INFO ] 2021-06-24 19:54:40.676 [main] JavaScriptHelper - return jQuery.active
[INFO ] 2021-06-24 19:54:40.739 [main] JavaScriptHelper - return jQuery.active
[INFO ] 2021-06-24 19:54:40.800 [main] JavaScriptHelper - return jQuery.active
[INFO ] 2021-06-24 19:54:40.863 [main] JavaScriptHelper - return jQuery.active
[INFO ] 2021-06-24 19:54:40.925 [main] JavaScriptHelper - return jQuery.active
[INFO ] 2021-06-24 19:54:40.989 [main] JavaScriptHelper - return jQuery.active
[INFO ] 2021-06-24 19:54:41.052 [main] JavaScriptHelper - return jQuery.active
[INFO ] 2021-06-24 19:54:41.112 [main] JavaScriptHelper - return jQuery.active
[INFO ] 2021-06-24 19:54:41.173 [main] JavaScriptHelper - return jQuery.active
[INFO ] 2021-06-24 19:54:41.235 [main] JavaScriptHelper - return jQuery.active
[INFO ] 2021-06-24 19:54:41.297 [main] JavaScriptHelper - return jQuery.active
[INFO ] 2021-06-24 19:54:41.374 [main] JavaScriptHelper - return jQuery.active
[INFO ] 2021-06-24 19:54:41.451 [main] JavaScriptHelper - return jQuery.active
[INFO ] 2021-06-24 19:54:41.470 [main] JavaScriptHelper - return document.readyState
[INFO ] 2021-06-24 19:54:41.485 [main] BillingDetails - Wait Till Enters First Name
[INFO ] 2021-06-24 19:54:41.506 [main] ExplicitWait - Waiting for element to be visible: [[ChromeDriver: chrome on WINDOWS (88d936317b2ca65ea9d66b817af748ae)] -> id: billing_first_name]
[INFO ] 2021-06-24 19:54:41.519 [main] ExplicitWait - Waiting for element to be visible: [[ChromeDriver: chrome on WINDOWS (88d936317b2ca65ea9d66b817af748ae)] -> id: billing_first_name]
[INFO ] 2021-06-24 19:54:41.600 [main] ExplicitWait - Waiting for element to be clickable: [[ChromeDriver: chrome on WINDOWS (88d936317b2ca65ea9d66b817af748ae)] -> id: billing_first_name]
[DEBUG] 2021-06-24 19:54:41.959 [main] ExplicitWait - Waiting for the document to load
[INFO ] 2021-06-24 19:54:41.959 [main] JavaScriptHelper - return jQuery.active
[INFO ] 2021-06-24 19:54:41.967 [main] JavaScriptHelper - return document.readyState
[INFO ] 2021-06-24 19:54:41.985 [main] BillingDetails - Wait Till Enters Last Name
[INFO ] 2021-06-24 19:54:42.002 [main] ExplicitWait - Waiting for element to be visible: [[ChromeDriver: chrome on WINDOWS (88d936317b2ca65ea9d66b817af748ae)] -> id: billing_last_name]
[INFO ] 2021-06-24 19:54:42.016 [main] ExplicitWait - Waiting for element to be visible: [[ChromeDriver: chrome on WINDOWS (88d936317b2ca65ea9d66b817af748ae)] -> id: billing_last_name]
[INFO ] 2021-06-24 19:54:42.093 [main] ExplicitWait - Waiting for element to be clickable: [[ChromeDriver: chrome on WINDOWS (88d936317b2ca65ea9d66b817af748ae)] -> id: billing_last_name]
[DEBUG] 2021-06-24 19:54:42.316 [main] ExplicitWait - Waiting for the document to load
[INFO ] 2021-06-24 19:54:42.316 [main] JavaScriptHelper - return jQuery.active
[INFO ] 2021-06-24 19:54:42.323 [main] JavaScriptHelper - return document.readyState
[INFO ] 2021-06-24 19:54:42.339 [main] BillingDetails - Wait Till Selects India
[INFO ] 2021-06-24 19:54:42.361 [main] ExplicitWait - Waiting for element to be visible: [[ChromeDriver: chrome on WINDOWS (88d936317b2ca65ea9d66b817af748ae)] -> xpath: //select[@id='billing_country']]
[INFO ] 2021-06-24 19:54:42.372 [main] ExplicitWait - Waiting for element to be visible: [[ChromeDriver: chrome on WINDOWS (88d936317b2ca65ea9d66b817af748ae)] -> xpath: //select[@id='billing_country']]
[DEBUG] 2021-06-24 19:54:42.597 [main] ExplicitWait - Waiting for the document to load
[INFO ] 2021-06-24 19:54:42.597 [main] JavaScriptHelper - return jQuery.active
[INFO ] 2021-06-24 19:54:42.660 [main] JavaScriptHelper - return jQuery.active
[INFO ] 2021-06-24 19:54:42.723 [main] JavaScriptHelper - return jQuery.active
[INFO ] 2021-06-24 19:54:42.785 [main] JavaScriptHelper - return jQuery.active
[INFO ] 2021-06-24 19:54:42.848 [main] JavaScriptHelper - return jQuery.active
[INFO ] 2021-06-24 19:54:42.909 [main] JavaScriptHelper - return jQuery.active
[INFO ] 2021-06-24 19:54:42.973 [main] JavaScriptHelper - return jQuery.active
[INFO ] 2021-06-24 19:54:43.033 [main] JavaScriptHelper - return jQuery.active
[INFO ] 2021-06-24 19:54:43.097 [main] JavaScriptHelper - return jQuery.active
[INFO ] 2021-06-24 19:54:43.158 [main] JavaScriptHelper - return jQuery.active
[INFO ] 2021-06-24 19:54:43.221 [main] JavaScriptHelper - return jQuery.active
[INFO ] 2021-06-24 19:54:43.282 [main] JavaScriptHelper - return jQuery.active
[INFO ] 2021-06-24 19:54:43.345 [main] JavaScriptHelper - return jQuery.active
[INFO ] 2021-06-24 19:54:43.406 [main] JavaScriptHelper - return jQuery.active
[INFO ] 2021-06-24 19:54:43.467 [main] JavaScriptHelper - return jQuery.active
[INFO ] 2021-06-24 19:54:43.528 [main] JavaScriptHelper - return jQuery.active
[INFO ] 2021-06-24 19:54:43.590 [main] JavaScriptHelper - return jQuery.active
[INFO ] 2021-06-24 19:54:43.652 [main] JavaScriptHelper - return jQuery.active
[INFO ] 2021-06-24 19:54:43.715 [main] JavaScriptHelper - return jQuery.active
[INFO ] 2021-06-24 19:54:43.776 [main] JavaScriptHelper - return jQuery.active
[INFO ] 2021-06-24 19:54:43.838 [main] JavaScriptHelper - return jQuery.active
[INFO ] 2021-06-24 19:54:43.900 [main] JavaScriptHelper - return jQuery.active
[INFO ] 2021-06-24 19:54:43.962 [main] JavaScriptHelper - return jQuery.active
[INFO ] 2021-06-24 19:54:43.970 [main] JavaScriptHelper - return document.readyState
[INFO ] 2021-06-24 19:54:43.985 [main] BillingDetails - Wait Till Enters Street Name
[INFO ] 2021-06-24 19:54:44.005 [main] ExplicitWait - Waiting for element to be visible: [[ChromeDriver: chrome on WINDOWS (88d936317b2ca65ea9d66b817af748ae)] -> id: billing_address_1]
[INFO ] 2021-06-24 19:54:44.018 [main] ExplicitWait - Waiting for element to be visible: [[ChromeDriver: chrome on WINDOWS (88d936317b2ca65ea9d66b817af748ae)] -> id: billing_address_1]
[INFO ] 2021-06-24 19:54:44.096 [main] ExplicitWait - Waiting for element to be clickable: [[ChromeDriver: chrome on WINDOWS (88d936317b2ca65ea9d66b817af748ae)] -> id: billing_address_1]
[DEBUG] 2021-06-24 19:54:44.359 [main] ExplicitWait - Waiting for the document to load
[INFO ] 2021-06-24 19:54:44.359 [main] JavaScriptHelper - return jQuery.active
[INFO ] 2021-06-24 19:54:44.373 [main] JavaScriptHelper - return document.readyState
[INFO ] 2021-06-24 19:54:44.388 [main] BillingDetails - Wait Till Enters Suite Name
[INFO ] 2021-06-24 19:54:44.408 [main] ExplicitWait - Waiting for element to be visible: [[ChromeDriver: chrome on WINDOWS (88d936317b2ca65ea9d66b817af748ae)] -> id: billing_address_2]
[INFO ] 2021-06-24 19:54:44.422 [main] ExplicitWait - Waiting for element to be visible: [[ChromeDriver: chrome on WINDOWS (88d936317b2ca65ea9d66b817af748ae)] -> id: billing_address_2]
[INFO ] 2021-06-24 19:54:44.502 [main] ExplicitWait - Waiting for element to be clickable: [[ChromeDriver: chrome on WINDOWS (88d936317b2ca65ea9d66b817af748ae)] -> id: billing_address_2]
[DEBUG] 2021-06-24 19:54:44.795 [main] ExplicitWait - Waiting for the document to load
[INFO ] 2021-06-24 19:54:44.795 [main] JavaScriptHelper - return jQuery.active
[INFO ] 2021-06-24 19:54:44.805 [main] JavaScriptHelper - return document.readyState
[INFO ] 2021-06-24 19:54:44.823 [main] BillingDetails - Wait Till Enters City Name
[INFO ] 2021-06-24 19:54:44.853 [main] ExplicitWait - Waiting for element to be visible: [[ChromeDriver: chrome on WINDOWS (88d936317b2ca65ea9d66b817af748ae)] -> id: billing_city]
[INFO ] 2021-06-24 19:54:44.873 [main] ExplicitWait - Waiting for element to be visible: [[ChromeDriver: chrome on WINDOWS (88d936317b2ca65ea9d66b817af748ae)] -> id: billing_city]
[INFO ] 2021-06-24 19:54:44.985 [main] ExplicitWait - Waiting for element to be clickable: [[ChromeDriver: chrome on WINDOWS (88d936317b2ca65ea9d66b817af748ae)] -> id: billing_city]
[DEBUG] 2021-06-24 19:54:45.257 [main] ExplicitWait - Waiting for the document to load
[INFO ] 2021-06-24 19:54:45.257 [main] JavaScriptHelper - return jQuery.active
[INFO ] 2021-06-24 19:54:45.266 [main] JavaScriptHelper - return document.readyState
[INFO ] 2021-06-24 19:54:45.281 [main] BillingDetails - Wait Till Enters State Name
[INFO ] 2021-06-24 19:54:45.303 [main] ExplicitWait - Waiting for element to be visible: [[ChromeDriver: chrome on WINDOWS (88d936317b2ca65ea9d66b817af748ae)] -> id: billing_state]
[INFO ] 2021-06-24 19:54:45.315 [main] ExplicitWait - Waiting for element to be visible: [[ChromeDriver: chrome on WINDOWS (88d936317b2ca65ea9d66b817af748ae)] -> id: billing_state]
[DEBUG] 2021-06-24 19:54:45.507 [main] ExplicitWait - Waiting for the document to load
[INFO ] 2021-06-24 19:54:45.508 [main] JavaScriptHelper - return jQuery.active
[INFO ] 2021-06-24 19:54:45.516 [main] JavaScriptHelper - return document.readyState
[INFO ] 2021-06-24 19:54:45.531 [main] BillingDetails - Wait Till Enters Postcode
[INFO ] 2021-06-24 19:54:45.557 [main] ExplicitWait - Waiting for element to be visible: [[ChromeDriver: chrome on WINDOWS (88d936317b2ca65ea9d66b817af748ae)] -> id: billing_postcode]
[INFO ] 2021-06-24 19:54:45.564 [main] ExplicitWait - Waiting for element to be visible: [[ChromeDriver: chrome on WINDOWS (88d936317b2ca65ea9d66b817af748ae)] -> id: billing_postcode]
[INFO ] 2021-06-24 19:54:45.641 [main] ExplicitWait - Waiting for element to be clickable: [[ChromeDriver: chrome on WINDOWS (88d936317b2ca65ea9d66b817af748ae)] -> id: billing_postcode]
[DEBUG] 2021-06-24 19:54:45.861 [main] ExplicitWait - Waiting for the document to load
[INFO ] 2021-06-24 19:54:45.862 [main] JavaScriptHelper - return jQuery.active
[INFO ] 2021-06-24 19:54:45.874 [main] JavaScriptHelper - return document.readyState
[INFO ] 2021-06-24 19:54:45.888 [main] BillingDetails - Wait Till Enters Phone Number
[INFO ] 2021-06-24 19:54:45.908 [main] ExplicitWait - Waiting for element to be visible: [[ChromeDriver: chrome on WINDOWS (88d936317b2ca65ea9d66b817af748ae)] -> id: billing_phone]
[INFO ] 2021-06-24 19:54:45.921 [main] ExplicitWait - Waiting for element to be visible: [[ChromeDriver: chrome on WINDOWS (88d936317b2ca65ea9d66b817af748ae)] -> id: billing_phone]
[INFO ] 2021-06-24 19:54:45.998 [main] ExplicitWait - Waiting for element to be clickable: [[ChromeDriver: chrome on WINDOWS (88d936317b2ca65ea9d66b817af748ae)] -> id: billing_phone]
[DEBUG] 2021-06-24 19:54:46.262 [main] ExplicitWait - Waiting for the document to load
[INFO ] 2021-06-24 19:54:46.262 [main] JavaScriptHelper - return jQuery.active
[INFO ] 2021-06-24 19:54:46.331 [main] JavaScriptHelper - return jQuery.active
[INFO ] 2021-06-24 19:54:46.396 [main] JavaScriptHelper - return jQuery.active
[INFO ] 2021-06-24 19:54:46.469 [main] JavaScriptHelper - return jQuery.active
[INFO ] 2021-06-24 19:54:46.532 [main] JavaScriptHelper - return jQuery.active
[INFO ] 2021-06-24 19:54:46.594 [main] JavaScriptHelper - return jQuery.active
[INFO ] 2021-06-24 19:54:46.658 [main] JavaScriptHelper - return jQuery.active
[INFO ] 2021-06-24 19:54:46.719 [main] JavaScriptHelper - return jQuery.active
[INFO ] 2021-06-24 19:54:46.781 [main] JavaScriptHelper - return jQuery.active
[INFO ] 2021-06-24 19:54:46.843 [main] JavaScriptHelper - return jQuery.active
[INFO ] 2021-06-24 19:54:46.905 [main] JavaScriptHelper - return jQuery.active
[INFO ] 2021-06-24 19:54:46.966 [main] JavaScriptHelper - return jQuery.active
[INFO ] 2021-06-24 19:54:47.028 [main] JavaScriptHelper - return jQuery.active
[INFO ] 2021-06-24 19:54:47.089 [main] JavaScriptHelper - return jQuery.active
[INFO ] 2021-06-24 19:54:47.152 [main] JavaScriptHelper - return jQuery.active
[INFO ] 2021-06-24 19:54:47.213 [main] JavaScriptHelper - return jQuery.active
[INFO ] 2021-06-24 19:54:47.275 [main] JavaScriptHelper - return jQuery.active
[INFO ] 2021-06-24 19:54:47.405 [main] JavaScriptHelper - return jQuery.active
[INFO ] 2021-06-24 19:54:47.475 [main] JavaScriptHelper - return jQuery.active
[INFO ] 2021-06-24 19:54:47.539 [main] JavaScriptHelper - return jQuery.active
[INFO ] 2021-06-24 19:54:47.550 [main] JavaScriptHelper - return document.readyState
[INFO ] 2021-06-24 19:54:47.562 [main] BillingDetails - Wait Till Enters Email
[INFO ] 2021-06-24 19:54:47.583 [main] ExplicitWait - Waiting for element to be visible: [[ChromeDriver: chrome on WINDOWS (88d936317b2ca65ea9d66b817af748ae)] -> id: billing_email]
[INFO ] 2021-06-24 19:54:47.595 [main] ExplicitWait - Waiting for element to be visible: [[ChromeDriver: chrome on WINDOWS (88d936317b2ca65ea9d66b817af748ae)] -> id: billing_email]
[INFO ] 2021-06-24 19:54:47.672 [main] ExplicitWait - Waiting for element to be clickable: [[ChromeDriver: chrome on WINDOWS (88d936317b2ca65ea9d66b817af748ae)] -> id: billing_email]
[DEBUG] 2021-06-24 19:54:47.913 [main] ExplicitWait - Waiting for the document to load
[INFO ] 2021-06-24 19:54:47.913 [main] JavaScriptHelper - return jQuery.active
[INFO ] 2021-06-24 19:54:47.919 [main] JavaScriptHelper - return document.readyState
[INFO ] 2021-06-24 19:54:47.937 [main] ShippingDetails - Wait Till Enters First Name
[INFO ] 2021-06-24 19:54:47.955 [main] ExplicitWait - Waiting for element to be visible: [[ChromeDriver: chrome on WINDOWS (88d936317b2ca65ea9d66b817af748ae)] -> id: shipping_first_name]
[INFO ] 2021-06-24 19:54:47.967 [main] ExplicitWait - Waiting for element to be visible: [[ChromeDriver: chrome on WINDOWS (88d936317b2ca65ea9d66b817af748ae)] -> id: shipping_first_name]
[INFO ] 2021-06-24 19:54:48.046 [main] ExplicitWait - Waiting for element to be clickable: [[ChromeDriver: chrome on WINDOWS (88d936317b2ca65ea9d66b817af748ae)] -> id: shipping_first_name]
[DEBUG] 2021-06-24 19:54:48.299 [main] ExplicitWait - Waiting for the document to load
[INFO ] 2021-06-24 19:54:48.299 [main] JavaScriptHelper - return jQuery.active
[INFO ] 2021-06-24 19:54:48.306 [main] JavaScriptHelper - return document.readyState
[INFO ] 2021-06-24 19:54:48.324 [main] ShippingDetails - Wait Till Enters Last Name
[INFO ] 2021-06-24 19:54:48.342 [main] ExplicitWait - Waiting for element to be visible: [[ChromeDriver: chrome on WINDOWS (88d936317b2ca65ea9d66b817af748ae)] -> id: shipping_last_name]
[INFO ] 2021-06-24 19:54:48.354 [main] ExplicitWait - Waiting for element to be visible: [[ChromeDriver: chrome on WINDOWS (88d936317b2ca65ea9d66b817af748ae)] -> id: shipping_last_name]
[INFO ] 2021-06-24 19:54:48.431 [main] ExplicitWait - Waiting for element to be clickable: [[ChromeDriver: chrome on WINDOWS (88d936317b2ca65ea9d66b817af748ae)] -> id: shipping_last_name]
[DEBUG] 2021-06-24 19:54:48.668 [main] ExplicitWait - Waiting for the document to load
[INFO ] 2021-06-24 19:54:48.668 [main] JavaScriptHelper - return jQuery.active
[INFO ] 2021-06-24 19:54:48.678 [main] JavaScriptHelper - return document.readyState
[INFO ] 2021-06-24 19:54:48.692 [main] ShippingDetails - Wait Till Selects India
[INFO ] 2021-06-24 19:54:48.718 [main] ExplicitWait - Waiting for element to be visible: [[ChromeDriver: chrome on WINDOWS (88d936317b2ca65ea9d66b817af748ae)] -> id: shipping_country]
[INFO ] 2021-06-24 19:54:48.725 [main] ExplicitWait - Waiting for element to be visible: [[ChromeDriver: chrome on WINDOWS (88d936317b2ca65ea9d66b817af748ae)] -> id: shipping_country]
[DEBUG] 2021-06-24 19:54:48.933 [main] ExplicitWait - Waiting for the document to load
[INFO ] 2021-06-24 19:54:48.933 [main] JavaScriptHelper - return jQuery.active
[INFO ] 2021-06-24 19:54:48.997 [main] JavaScriptHelper - return jQuery.active
[INFO ] 2021-06-24 19:54:49.058 [main] JavaScriptHelper - return jQuery.active
[INFO ] 2021-06-24 19:54:49.122 [main] JavaScriptHelper - return jQuery.active
[INFO ] 2021-06-24 19:54:49.183 [main] JavaScriptHelper - return jQuery.active
[INFO ] 2021-06-24 19:54:49.243 [main] JavaScriptHelper - return jQuery.active
[INFO ] 2021-06-24 19:54:49.309 [main] JavaScriptHelper - return jQuery.active
[INFO ] 2021-06-24 19:54:49.368 [main] JavaScriptHelper - return jQuery.active
[INFO ] 2021-06-24 19:54:49.432 [main] JavaScriptHelper - return jQuery.active
[INFO ] 2021-06-24 19:54:49.493 [main] JavaScriptHelper - return jQuery.active
[INFO ] 2021-06-24 19:54:49.555 [main] JavaScriptHelper - return jQuery.active
[INFO ] 2021-06-24 19:54:49.616 [main] JavaScriptHelper - return jQuery.active
[INFO ] 2021-06-24 19:54:49.680 [main] JavaScriptHelper - return jQuery.active
[INFO ] 2021-06-24 19:54:49.741 [main] JavaScriptHelper - return jQuery.active
[INFO ] 2021-06-24 19:54:49.803 [main] JavaScriptHelper - return jQuery.active
[INFO ] 2021-06-24 19:54:49.865 [main] JavaScriptHelper - return jQuery.active
[INFO ] 2021-06-24 19:54:49.927 [main] JavaScriptHelper - return jQuery.active
[INFO ] 2021-06-24 19:54:49.991 [main] JavaScriptHelper - return jQuery.active
[INFO ] 2021-06-24 19:54:50.051 [main] JavaScriptHelper - return jQuery.active
[INFO ] 2021-06-24 19:54:50.114 [main] JavaScriptHelper - return jQuery.active
[INFO ] 2021-06-24 19:54:50.175 [main] JavaScriptHelper - return jQuery.active
[INFO ] 2021-06-24 19:54:50.239 [main] JavaScriptHelper - return jQuery.active
[INFO ] 2021-06-24 19:54:50.301 [main] JavaScriptHelper - return jQuery.active
[INFO ] 2021-06-24 19:54:50.363 [main] JavaScriptHelper - return jQuery.active
[INFO ] 2021-06-24 19:54:50.427 [main] JavaScriptHelper - return jQuery.active
[INFO ] 2021-06-24 19:54:50.486 [main] JavaScriptHelper - return jQuery.active
[INFO ] 2021-06-24 19:54:50.549 [main] JavaScriptHelper - return jQuery.active
[INFO ] 2021-06-24 19:54:50.610 [main] JavaScriptHelper - return jQuery.active
[INFO ] 2021-06-24 19:54:50.671 [main] JavaScriptHelper - return jQuery.active
[INFO ] 2021-06-24 19:54:50.732 [main] JavaScriptHelper - return jQuery.active
[INFO ] 2021-06-24 19:54:50.792 [main] JavaScriptHelper - return jQuery.active
[INFO ] 2021-06-24 19:54:50.855 [main] JavaScriptHelper - return jQuery.active
[INFO ] 2021-06-24 19:54:50.916 [main] JavaScriptHelper - return jQuery.active
[INFO ] 2021-06-24 19:54:50.979 [main] JavaScriptHelper - return jQuery.active
[INFO ] 2021-06-24 19:54:51.042 [main] JavaScriptHelper - return jQuery.active
[INFO ] 2021-06-24 19:54:51.106 [main] JavaScriptHelper - return jQuery.active
[INFO ] 2021-06-24 19:54:51.167 [main] JavaScriptHelper - return jQuery.active
[INFO ] 2021-06-24 19:54:51.228 [main] JavaScriptHelper - return jQuery.active
[INFO ] 2021-06-24 19:54:51.289 [main] JavaScriptHelper - return jQuery.active
[INFO ] 2021-06-24 19:54:51.352 [main] JavaScriptHelper - return jQuery.active
[INFO ] 2021-06-24 19:54:51.414 [main] JavaScriptHelper - return jQuery.active
[INFO ] 2021-06-24 19:54:51.421 [main] JavaScriptHelper - return document.readyState
[INFO ] 2021-06-24 19:54:51.436 [main] ShippingDetails - Wait Till Enters Street Name
[INFO ] 2021-06-24 19:54:51.456 [main] ExplicitWait - Waiting for element to be visible: [[ChromeDriver: chrome on WINDOWS (88d936317b2ca65ea9d66b817af748ae)] -> id: shipping_address_1]
[INFO ] 2021-06-24 19:54:51.469 [main] ExplicitWait - Waiting for element to be visible: [[ChromeDriver: chrome on WINDOWS (88d936317b2ca65ea9d66b817af748ae)] -> id: shipping_address_1]
[INFO ] 2021-06-24 19:54:51.546 [main] ExplicitWait - Waiting for element to be clickable: [[ChromeDriver: chrome on WINDOWS (88d936317b2ca65ea9d66b817af748ae)] -> id: shipping_address_1]
[DEBUG] 2021-06-24 19:54:51.831 [main] ExplicitWait - Waiting for the document to load
[INFO ] 2021-06-24 19:54:51.831 [main] JavaScriptHelper - return jQuery.active
[INFO ] 2021-06-24 19:54:51.839 [main] JavaScriptHelper - return document.readyState
[INFO ] 2021-06-24 19:54:51.855 [main] ShippingDetails - Wait Till Enters Suite Name
[INFO ] 2021-06-24 19:54:51.876 [main] ExplicitWait - Waiting for element to be visible: [[ChromeDriver: chrome on WINDOWS (88d936317b2ca65ea9d66b817af748ae)] -> id: shipping_address_2]
[INFO ] 2021-06-24 19:54:51.892 [main] ExplicitWait - Waiting for element to be visible: [[ChromeDriver: chrome on WINDOWS (88d936317b2ca65ea9d66b817af748ae)] -> id: shipping_address_2]
[INFO ] 2021-06-24 19:54:51.965 [main] ExplicitWait - Waiting for element to be clickable: [[ChromeDriver: chrome on WINDOWS (88d936317b2ca65ea9d66b817af748ae)] -> id: shipping_address_2]
[DEBUG] 2021-06-24 19:54:52.223 [main] ExplicitWait - Waiting for the document to load
[INFO ] 2021-06-24 19:54:52.224 [main] JavaScriptHelper - return jQuery.active
[INFO ] 2021-06-24 19:54:52.240 [main] JavaScriptHelper - return document.readyState
[INFO ] 2021-06-24 19:54:52.255 [main] ShippingDetails - Wait Till Enters City Name
[INFO ] 2021-06-24 19:54:52.284 [main] ExplicitWait - Waiting for element to be visible: [[ChromeDriver: chrome on WINDOWS (88d936317b2ca65ea9d66b817af748ae)] -> id: shipping_city]
[INFO ] 2021-06-24 19:54:52.304 [main] ExplicitWait - Waiting for element to be visible: [[ChromeDriver: chrome on WINDOWS (88d936317b2ca65ea9d66b817af748ae)] -> id: shipping_city]
[INFO ] 2021-06-24 19:54:52.382 [main] ExplicitWait - Waiting for element 